<?xml version="1.0" encoding="UTF-8"?>
<!-- Generated by org.testng.reporters.JUnitReportReporter -->
<testsuite hostname="LAPTOP-MU3EQOKE" failures="0" tests="3" name="Mainpkg.WebAssignmentMainClass" time="4.748" errors="0" timestamp="2021-07-20T17:51:48 GST" skipped="0">
  <testcase classname="Mainpkg.WebAssignmentMainClass" name="ClickDroppable" time="1.870"/>
  <testcase classname="Mainpkg.WebAssignmentMainClass" name="ClickSelectable" time="1.500"/>
  <testcase classname="Mainpkg.WebAssignmentMainClass" name="ClickControlGroup" time="1.378"/>
</testsuite> <!-- Mainpkg.WebAssignmentMainClass -->
